[INFO] [2016-10-27 11:26:11][com.danmu.app.DyBulletScreenApplication]11
[INFO] [2016-10-27 11:28:19][com.danmu.client.DyBulletScreenClient]其他消息===>{tick=1477538899, uc=32630, type=keeplive}
[INFO] [2016-10-27 11:28:22][com.danmu.client.DyBulletScreenClient]其他消息===>{uid=6505010, ic=avatar@S006@S50@S50@S10_avatar, level=12, el=, rid=229346, nn=730502079, gt=1, type=uenter, rni=0}
[INFO] [2016-10-27 11:28:27][com.danmu.client.DyBulletScreenClient]弹幕消息===>{uid=36715321, ic=avatar@Sdefault@S07, level=12, el=, rid=229346, nn=调戏良家, gt=1, type=chatmsg, cid=88471ae1a9a545f74dbe070000000000, txt=没死是你命大}
[INFO] [2016-10-27 11:28:28][com.danmu.client.DyBulletScreenClient]弹幕消息===>{uid=21947026, ic=avatar@S021@S94@S70@S26_avatar, level=10, el=, rid=229346, nn=柳生静风, type=chatmsg, cid=88471ae1a9a545f752be070000000000, txt=洗胃？}
[INFO] [2016-10-27 11:28:34][com.danmu.client.DyBulletScreenClient]其他消息===>{uid=9618624, ic=avatar@Sdefault@S03, level=11, el=, rid=229346, nn=蜕变CN, type=uenter, rni=0}
[INFO] [2016-10-27 11:28:37][com.danmu.client.DyBulletScreenClient]弹幕消息===>{uid=43300583, ic=avatar@Sface@S201606@S01@S9b2d5e1b90c4651196892fd322b8439d, level=12, el=, rid=229346, nn=hsp侯绍平, gt=1, type=chatmsg, cid=88471ae1a9a545f77ebe070000000000, txt=是不是抢了一千左右的鱼丸就抢不到了, ct=1}
[INFO] [2016-10-27 11:28:39][com.danmu.client.DyBulletScreenClient]弹幕消息===>{uid=21947026, ic=avatar@S021@S94@S70@S26_avatar, level=10, el=, rid=229346, nn=柳生静风, type=chatmsg, cid=88471ae1a9a545f78bbe070000000000, txt=那要出人命的}
[INFO] [2016-10-27 11:28:40][com.danmu.client.DyBulletScreenClient]弹幕消息===>{uid=36715321, ic=avatar@Sdefault@S07, level=12, el=, rid=229346, nn=调戏良家, gt=1, type=chatmsg, cid=88471ae1a9a545f790be070000000000, txt=这是不要命了}
[INFO] [2016-10-27 11:28:40][com.danmu.client.DyBulletScreenClient]弹幕消息===>{uid=50473287, ic=avatar@Sface@S201609@S27@S5156298d03b14113e3f158839b11b890, level=23, el={eid@A=1500000005@Setp@A=1@Ssc@A=1@Sef@A=0@S=, eid@A=1500000003@Setp@A=1@Ssc@A=1@Sef@A=0@S=, eid@A=1500000004@Setp@A=1@Ssc@A=1@Sef@A=0@S=}, rid=229346, nn=怒跑三公里, rg=4, gt=2, type=chatmsg, cid=88471ae1a9a545f793be070000000000, txt=擦，喝酒最烦这种的, ct=2}
[INFO] [2016-10-27 11:28:42][com.danmu.client.DyBulletScreenClient]弹幕消息===>{uid=53445488, ic=avatar@Sface@S201609@S20@Sc63cb3abea370504df619f0bf9546172, level=6, el=, rid=229346, nn=cwz19820314, gt=1, type=chatmsg, cid=88471ae1a9a545f799be070000000000, txt=只要我们聊起来，就有客户, ct=2}
[INFO] [2016-10-27 11:28:46][com.danmu.client.DyBulletScreenClient]弹幕消息===>{dc=1, uid=61111475, nn=动物园干爹丶靓宝宝, rg=4, type=chatmsg, cid=88471ae1a9a545f7a8be070000000000, ct=2, txt=白酒不会吐, dlv=3, ic=avanew@Sface@S201610@S24@S19@S7a143c709ffa8b565a37828d274c011a, bdlv=3, level=18, el={eid@A=1500000005@Setp@A=1@Ssc@A=1@Sef@A=0@S=, eid@A=1500000004@Setp@A=1@Ssc@A=1@Sef@A=0@S=}, rid=229346, gt=2}
[INFO] [2016-10-27 11:28:52][com.danmu.client.DyBulletScreenClient]弹幕消息===>{uid=21947026, ic=avatar@S021@S94@S70@S26_avatar, level=10, el=, rid=229346, nn=柳生静风, type=chatmsg, cid=88471ae1a9a545f7bfbe070000000000, txt=白酒不吐？}
[INFO] [2016-10-27 11:28:54][com.danmu.client.DyBulletScreenClient]礼物消息===>{uid=70349997, ic=avatar@Sface@S201609@S20@Sd306db02158f3491964b715d2a0a83aa, dw=124873422, level=5, cm=0, gfid=193, rid=229346, nn=bigssss, gs=3, type=dgb, ct=0}
[INFO] [2016-10-27 11:28:54][com.danmu.client.DyBulletScreenClient]礼物消息===>{uid=70349997, ic=avatar@Sface@S201609@S20@Sd306db02158f3491964b715d2a0a83aa, hits=2, dw=124873422, level=5, cm=0, gfid=193, rid=229346, nn=bigssss, gs=3, type=dgb, ct=0}
[INFO] [2016-10-27 11:28:55][com.danmu.client.DyBulletScreenClient]礼物消息===>{uid=70349997, ic=avatar@Sface@S201609@S20@Sd306db02158f3491964b715d2a0a83aa, hits=3, dw=124873422, level=5, cm=0, gfid=193, rid=229346, nn=bigssss, gs=3, type=dgb, ct=0}
[INFO] [2016-10-27 11:28:55][com.danmu.client.DyBulletScreenClient]礼物消息===>{uid=70349997, ic=avatar@Sface@S201609@S20@Sd306db02158f3491964b715d2a0a83aa, hits=4, dw=124873422, level=5, cm=0, gfid=193, rid=229346, nn=bigssss, gs=3, type=dgb, ct=0}
[INFO] [2016-10-27 11:28:56][com.danmu.client.DyBulletScreenClient]礼物消息===>{uid=70349997, ic=avatar@Sface@S201609@S20@Sd306db02158f3491964b715d2a0a83aa, hits=5, dw=124873422, level=5, cm=0, gfid=193, rid=229346, nn=bigssss, gs=3, type=dgb, ct=0}
[INFO] [2016-10-27 11:28:59][com.danmu.client.DyBulletScreenClient]弹幕消息===>{uid=36715321, ic=avatar@Sdefault@S07, level=12, el=, rid=229346, nn=调戏良家, gt=1, type=chatmsg, cid=88471ae1a9a545f7d9be070000000000, txt=白酒吐的}
[INFO] [2016-10-27 11:29:02][com.danmu.client.DyBulletScreenClient]弹幕消息===>{dc=1, uid=61111475, nn=动物园干爹丶靓宝宝, rg=4, type=chatmsg, cid=88471ae1a9a545f7e3be070000000000, ct=2, txt=洗了胃, dlv=3, ic=avanew@Sface@S201610@S24@S19@S7a143c709ffa8b565a37828d274c011a, bdlv=3, level=18, el={eid@A=1500000005@Setp@A=1@Ssc@A=1@Sef@A=0@S=, eid@A=1500000004@Setp@A=1@Ssc@A=1@Sef@A=0@S=}, rid=229346, gt=2}
[INFO] [2016-10-27 11:29:03][com.danmu.client.DyBulletScreenClient]其他消息===>{uid=2972394, ic=avatar@S002@S97@S23@S94_avatar, level=10, el=, rid=229346, nn=反反反反正正反反, gt=1, type=uenter, rni=0}
[INFO] [2016-10-27 11:29:04][com.danmu.client.DyBulletScreenClient]其他消息===>{tick=1477538944, uc=32629, type=keeplive}
[INFO] [2016-10-27 11:29:05][com.danmu.client.DyBulletScreenClient]其他消息===>{uid=44497335, ic=avatar@Sface@S201604@Sff6231fff1ec6e2cc6ef03bd498540bf, level=11, el=, rid=229346, nn=o我的好老公o, type=uenter, rni=0}
[INFO] [2016-10-27 11:29:06][com.danmu.client.DyBulletScreenClient]弹幕消息===>{uid=21947026, ic=avatar@S021@S94@S70@S26_avatar, level=10, el=, rid=229346, nn=柳生静风, type=chatmsg, cid=88471ae1a9a545f7fabe070000000000, txt=不能喝 其实 吐了最好}
[INFO] [2016-10-27 11:29:06][com.danmu.client.DyBulletScreenClient]弹幕消息===>{uid=5634766, ic=avatar@S005@S63@S47@S66_avatar, level=12, el=, rid=229346, nn=丶天若有情天亦老, type=chatmsg, cid=88471ae1a9a545f7fbbe070000000000, txt=这么能喝？我喝水多了都胀, ct=2}
[INFO] [2016-10-27 11:29:08][com.danmu.client.DyBulletScreenClient]其他消息===>{uid=30252550, ic=avanew@Sface@S201610@S04@S14@S8a376f1d9b059a7c098a86dfa1ab2c68, level=11, el=, rid=229346, nn=beinchangg, type=uenter, rni=0}
[INFO] [2016-10-27 11:29:09][com.danmu.client.DyBulletScreenClient]弹幕消息===>{uid=38933507, ic=avatar@Sface@S201608@S14@Se8f6942c66ea9959c70bbf0f73101553, level=12, el=, rid=229346, nn=白衣骑白马, gt=1, type=chatmsg, cid=88471ae1a9a545f709bf070000000000, txt=一天抢一千多就抢不了啦, ct=1}
[INFO] [2016-10-27 11:34:58][com.danmu.client.DyBulletScreenClient]其他消息===>{tick=1477539298, uc=32629, type=keeplive}
[INFO] [2016-10-27 11:34:59][com.danmu.client.DyBulletScreenClient]弹幕消息===>{uid=3780573, ic=avatar@S003@S78@S05@S73_avatar, level=11, el=, rid=229346, nn=神奇的布鲁诺, type=chatmsg, cid=88471ae1a9a545f7ccc6070000000000, txt=上次的星辰大海的小号你们是怎么发现的}
[INFO] [2016-10-27 11:35:01][com.danmu.client.DyBulletScreenClient]弹幕消息===>{uid=3780573, ic=avatar@S003@S78@S05@S73_avatar, level=11, el=, rid=229346, nn=神奇的布鲁诺, type=chatmsg, cid=88471ae1a9a545f7d2c6070000000000, txt=上次的星辰大海的小号你们是怎么发现的上次的星辰大海的小号你们是怎么发现的上次的星辰大海的小号你们是怎么发现}
[INFO] [2016-10-27 11:35:04][com.danmu.client.DyBulletScreenClient]其他消息===>{uid=22059802, ic=avanew@Sface@S201610@S20@S00@S0f3dadfa54dd26b408407cbf90db219c, level=11, el=, rid=229346, nn=yanhubin112, type=uenter, rni=0}
[INFO] [2016-10-27 11:35:07][com.danmu.client.DyBulletScreenClient]弹幕消息===>{uid=24511875, ic=avatar@Sface@S201608@S09@S9fc96eef23e4c4aec65c7fa4728b1ab6, level=11, el=, rid=229346, nn=815674950, type=chatmsg, cid=88471ae1a9a545f7ddc6070000000000, txt=还不如弄个 401好！}
[INFO] [2016-10-27 11:35:13][com.danmu.client.DyBulletScreenClient]弹幕消息===>{uid=5662364, ic=avatar@Sdefault@S07, level=11, el=, rid=229346, nn=Fortunate23, type=chatmsg, cid=88471ae1a9a545f7ecc6070000000000, txt=在196发现的, ct=2}
[INFO] [2016-10-27 11:35:15][com.danmu.client.DyBulletScreenClient]其他消息===>{rid=229346, gid=-9999, type=ranklist}
[INFO] [2016-10-27 11:35:15][com.danmu.client.DyBulletScreenClient]弹幕消息===>{uid=12162956, ic=avatar@Sface@S201609@S08@S7771601a2b7163633ca70fdb2a5900ef, level=11, el=, rid=229346, nn=楠梓翰, gt=1, type=chatmsg, cid=88471ae1a9a545f7f2c6070000000000, txt=早就发现了}
[INFO] [2016-10-27 11:35:16][com.danmu.client.DyBulletScreenClient]弹幕消息===>{uid=43381618, ic=avatar@Sface@S201603@S6e80d62a29483f28ccff3cfa3d4e6a46, level=9, el=, rid=229346, nn=毅勇候, gt=1, type=chatmsg, cid=88471ae1a9a545f7f4c6070000000000, txt=他自己说话暴露的, ct=1}
[INFO] [2016-10-27 11:35:16][com.danmu.client.DyBulletScreenClient]其他消息===>{uid=45190965, ic=avatar@Sdefault@S02, level=12, el=, rid=229346, nn=kikyouu, gt=1, type=uenter, rni=0}
[INFO] [2016-10-27 11:35:17][com.danmu.client.DyBulletScreenClient]其他消息===>{uid=26698102, ic=avatar@Sface@S201608@S19@Sc15042f8bf0bff15598d4ad091588559, level=10, el=, rid=229346, nn=19970510po, gt=1, type=uenter, rni=0}
[INFO] [2016-10-27 11:35:18][com.danmu.client.DyBulletScreenClient]弹幕消息===>{uid=27239324, ic=avatar@Sface@S201608@S07@S7be1626e41b55a054fafdb7dfb22fa31, level=10, el=, rid=229346, nn=51234UJ, gt=1, type=chatmsg, cid=88471ae1a9a545f7ffc6070000000000, txt=专属礼物是长岛冰茶？？, ct=1}
[INFO] [2016-10-27 11:35:20][com.danmu.client.DyBulletScreenClient]弹幕消息===>{uid=36715321, ic=avatar@Sdefault@S07, level=12, el=, rid=229346, nn=调戏良家, gt=1, type=chatmsg, cid=88471ae1a9a545f701c7070000000000, txt=他们黑粉黑 我们感觉更不要脸 你敢黑我们就敢舔   哎都没人黑了}
[DEBUG] [2016-10-27 11:36:17][com.danmu.client.DyBulletScreenClient]Server Connect Successfully!
[DEBUG] [2016-10-27 11:36:17][com.danmu.client.DyBulletScreenClient]Receive login response successfully!
[DEBUG] [2016-10-27 11:36:17][com.danmu.client.DyBulletScreenClient]Send join group request successfully!
[DEBUG] [2016-10-27 11:36:17][com.danmu.client.DyBulletScreenClient]Send keep alive request successfully!
[INFO] [2016-10-27 11:36:17][com.danmu.client.DyBulletScreenClient]其他消息===>{tick=1477539377, uc=32630, type=keeplive}
[INFO] [2016-10-27 11:36:20][com.danmu.client.DyBulletScreenClient]其他消息===>{uid=16301296, ic=avatar@Sface@S201606@S27@Scfb53f308b0bbfe2ca268d2abe693097, level=15, el=, rid=229346, nn=菜菜先生, type=uenter, rni=0}
[INFO] [2016-10-27 11:36:20][com.danmu.client.DyBulletScreenClient]弹幕消息===>{uid=49783664, ic=avatar@Sface@S201605@S18@Seaa8e796416bc3c7f57ce80000a1ba5d, level=9, el=, rid=229346, nn=小王子浑身解数, type=chatmsg, cid=88471ae1a9a545f79cc7070000000000, txt=来上班了, ct=2}
[INFO] [2016-10-27 11:36:20][com.danmu.client.DyBulletScreenClient]其他消息===>{uid=24456867, ic=avatar@Sdefault@S07, level=18, el={eid@A=1500000005@Setp@A=1@Ssc@A=1@Sef@A=0@S=}, rid=229346, nn=叫我淼哥, gt=2, type=uenter, rni=0}
[INFO] [2016-10-27 11:36:21][com.danmu.client.DyBulletScreenClient]其他消息===>{uid=53445488, ic=avatar@Sface@S201609@S20@Sc63cb3abea370504df619f0bf9546172, level=6, el=, rid=229346, nn=cwz19820314, gt=1, type=uenter, rni=0}
[INFO] [2016-10-27 11:36:22][com.danmu.client.DyBulletScreenClient]其他消息===>{uid=63395443, ic=avatar@Sdefault@S13, level=11, el=, rid=229346, nn=零度沸水86, type=uenter, rni=0}
[INFO] [2016-10-27 11:36:22][com.danmu.client.DyBulletScreenClient]弹幕消息===>{uid=43381618, ic=avatar@Sface@S201603@S6e80d62a29483f28ccff3cfa3d4e6a46, level=9, el=, rid=229346, nn=毅勇候, gt=1, type=chatmsg, cid=88471ae1a9a545f7a3c7070000000000, txt=是的，现在还看6324肯定神经病, ct=1}
[INFO] [2016-10-27 11:36:23][com.danmu.client.DyBulletScreenClient]弹幕消息===>{uid=50473287, ic=avatar@Sface@S201609@S27@S5156298d03b14113e3f158839b11b890, level=23, el={eid@A=1500000005@Setp@A=1@Ssc@A=1@Sef@A=0@S=, eid@A=1500000003@Setp@A=1@Ssc@A=1@Sef@A=0@S=, eid@A=1500000004@Setp@A=1@Ssc@A=1@Sef@A=0@S=}, rid=229346, nn=怒跑三公里, rg=4, gt=2, type=chatmsg, cid=88471ae1a9a545f7a4c7070000000000, txt=1级滚, ct=2}
[INFO] [2016-10-27 11:36:27][com.danmu.client.DyBulletScreenClient]弹幕消息===>{uid=1126418, ic=avatar@S001@S12@S64@S18_avatar, bdlv=3, level=23, el={eid@A=1500000005@Setp@A=1@Ssc@A=1@Sef@A=0@S=}, rid=229346, nn=ICANP方管全家火化场, rg=4, gt=2, type=chatmsg, cid=88471ae1a9a545f7b0c7070000000000, txt=倒闭了, ct=1}
[INFO] [2016-10-27 11:36:39][com.danmu.client.DyBulletScreenClient]弹幕消息===>{uid=27239324, ic=avatar@Sface@S201608@S07@S7be1626e41b55a054fafdb7dfb22fa31, level=10, el=, rid=229346, nn=51234UJ, gt=1, type=chatmsg, cid=88471ae1a9a545f7c9c7070000000000, txt=很久没看见对对眼了, ct=1}
[INFO] [2016-10-27 11:36:43][com.danmu.client.DyBulletScreenClient]弹幕消息===>{uid=35963731, ic=avanew@Sface@S201610@S11@S01@S8487a01ad7b6dd0443fa869e63b59dc5, level=25, el={eid@A=1500000005@Setp@A=1@Ssc@A=1@Sef@A=0@S=, eid@A=1500000004@Setp@A=1@Ssc@A=1@Sef@A=0@S=}, rid=229346, nn=钱佳爸爸团, rg=4, gt=3, type=chatmsg, cid=88471ae1a9a545f7d5c7070000000000, txt=会所倒闭了老板逃跑了, ct=2}
[INFO] [2016-10-27 11:36:44][com.danmu.client.DyBulletScreenClient]弹幕消息===>{uid=22059802, ic=avanew@Sface@S201610@S20@S00@S0f3dadfa54dd26b408407cbf90db219c, level=11, el=, rid=229346, nn=yanhubin112, type=chatmsg, cid=88471ae1a9a545f7d7c7070000000000, txt=[emot:dy137]刀在手 坎孙狗}
[INFO] [2016-10-27 11:36:45][com.danmu.client.DyBulletScreenClient]其他消息===>{uid=41775124, exp=50, nickname=苍老师ab, rid=229346, gid=-9999, type=srres}
[INFO] [2016-10-27 11:36:46][com.danmu.client.DyBulletScreenClient]其他消息===>{uid=415821, ic=avatar@S000@S41@S58@S21_avatar, level=11, el=, rid=229346, nn=意念1, rg=4, type=uenter, rni=0}
[INFO] [2016-10-27 11:36:52][com.danmu.client.DyBulletScreenClient]弹幕消息===>{uid=22059802, ic=avanew@Sface@S201610@S20@S00@S0f3dadfa54dd26b408407cbf90db219c, level=11, el=, rid=229346, nn=yanhubin112, type=chatmsg, cid=88471ae1a9a545f7e1c7070000000000, txt=[emot:dy131]爸爸团}
[INFO] [2016-10-27 11:36:53][com.danmu.client.DyBulletScreenClient]弹幕消息===>{uid=9089681, ic=avatar@S009@S08@S96@S81_avatar, level=18, el=, rid=229346, nn=vvvvmilo, type=chatmsg, cid=88471ae1a9a545f7e4c7070000000000, txt=[emot:dy117]}
[INFO] [2016-10-27 11:36:56][com.danmu.client.DyBulletScreenClient]其他消息===>{uid=38692987, ic=avatar@S038@S69@S29@S87_avatar, level=9, el=, rid=229346, nn=眼神幌子, gt=1, type=uenter, rni=0}
[INFO] [2016-10-27 11:36:57][com.danmu.client.DyBulletScreenClient]弹幕消息===>{uid=4634139, ic=avanew@Sface@S201610@S13@S19@Saddc33e6b6fd12887635c70213c6981b, level=20, el={eid@A=1500000005@Setp@A=1@Ssc@A=1@Sef@A=0@S=}, rid=229346, nn=捕捉寂寞, rg=4, gt=2, type=chatmsg, cid=88471ae1a9a545f7f0c7070000000000, txt=倒闭了 唉}
[INFO] [2016-10-27 11:36:57][com.danmu.client.DyBulletScreenClient]弹幕消息===>{uid=26698102, ic=avatar@Sface@S201608@S19@Sc15042f8bf0bff15598d4ad091588559, level=10, el=, rid=229346, nn=19970510po, gt=1, type=chatmsg, cid=88471ae1a9a545f7f1c7070000000000, txt=对对昨天还看到了, ct=1}
[INFO] [2016-10-27 11:37:01][com.danmu.client.DyBulletScreenClient]弹幕消息===>{uid=35963731, ic=avanew@Sface@S201610@S11@S01@S8487a01ad7b6dd0443fa869e63b59dc5, level=25, el={eid@A=1500000005@Setp@A=1@Ssc@A=1@Sef@A=0@S=, eid@A=1500000004@Setp@A=1@Ssc@A=1@Sef@A=0@S=}, rid=229346, nn=钱佳爸爸团, rg=4, gt=3, type=chatmsg, cid=88471ae1a9a545f7fbc7070000000000, txt=112真鸡儿跳在贴吧, ct=2}
